2024-01-21 16:19:53,161 [Worker-5: Loading available Gradle versions] INFO  o.e.b.c.i.u.g.PublishedGradleVersions - Gradle version information cache is up-to-date. Trying to read.
2024-01-21 16:20:36,233 [Worker-0: Importing Maven projects] INFO  o.e.m.c.i.l.LifecycleMappingFactory - Using org.eclipse.m2e.jdt.JarLifecycleMapping lifecycle mapping for MavenProject: com.snva:crmproject:0.0.1-SNAPSHOT @ C:\Users\yebch\Desktop\CRM-PROJECT\crmJan2024\pom.xml.
2024-01-21 16:20:39,212 [Worker-0: Importing Maven projects] INFO  o.e.m.j.i.AbstractJavaProjectConfigurator - Adding source folder /crmJan2024/src/main/java
2024-01-21 16:20:39,212 [Worker-0: Importing Maven projects] INFO  o.e.m.j.i.AbstractJavaProjectConfigurator - Adding resource folder /crmJan2024/src/main/resources
2024-01-21 16:20:39,212 [Worker-0: Importing Maven projects] INFO  o.e.m.j.i.AbstractJavaProjectConfigurator - Adding resource folder /crmJan2024/src/main/resources
2024-01-21 16:20:39,214 [Worker-0: Importing Maven projects] INFO  o.e.m.j.i.AbstractJavaProjectConfigurator - Adding source folder /crmJan2024/src/test/java
2024-01-21 16:20:39,214 [Worker-0: Importing Maven projects] INFO  o.e.m.j.i.AbstractJavaProjectConfigurator - Adding resource folder /crmJan2024/src/test/resources
2024-01-21 16:20:39,662 [Worker-0: Importing Maven projects] INFO  o.e.m.c.i.p.ProjectConfigurationManager - Imported and configured 1 project(s) in 5 sec
2024-01-21 16:20:42,582 [Worker-6: Building] INFO  o.a.m.s.f.DefaultMavenResourcesFiltering - Copying 1 resource from src\main\resources to target\classes
2024-01-21 16:20:42,595 [Worker-6: Building] INFO  o.a.m.s.f.DefaultMavenResourcesFiltering - Copying 2 resources from src\main\resources to target\classes
2024-01-21 16:20:42,604 [Worker-6: Building] INFO  o.a.m.s.f.DefaultMavenResourcesFiltering - skip non existing resourceDirectory C:\Users\yebch\Desktop\CRM-PROJECT\crmJan2024\src\test\resources
2024-01-21 16:22:02,136 [Worker-19: Building] INFO  o.a.m.s.f.DefaultMavenResourcesFiltering - Copying 1 resource from src\main\resources to target\classes
2024-01-21 16:22:02,140 [Worker-19: Building] INFO  o.a.m.s.f.DefaultMavenResourcesFiltering - Copying 2 resources from src\main\resources to target\classes
2024-01-21 16:22:02,143 [Worker-19: Building] INFO  o.a.m.s.f.DefaultMavenResourcesFiltering - skip non existing resourceDirectory C:\Users\yebch\Desktop\CRM-PROJECT\crmJan2024\src\test\resources
2024-01-21 16:23:00,345 [Worker-23: Building] INFO  o.a.m.s.f.DefaultMavenResourcesFiltering - Copying 1 resource from src\main\resources to target\classes
2024-01-21 16:23:00,348 [Worker-23: Building] INFO  o.a.m.s.f.DefaultMavenResourcesFiltering - Copying 2 resources from src\main\resources to target\classes
2024-01-21 16:23:00,351 [Worker-23: Building] INFO  o.a.m.s.f.DefaultMavenResourcesFiltering - skip non existing resourceDirectory C:\Users\yebch\Desktop\CRM-PROJECT\crmJan2024\src\test\resources
2024-01-21 16:23:26,833 [Worker-2: Building] INFO  o.a.m.s.f.DefaultMavenResourcesFiltering - Copying 1 resource from src\main\resources to target\classes
2024-01-21 16:23:26,841 [Worker-2: Building] INFO  o.a.m.s.f.DefaultMavenResourcesFiltering - Copying 0 resource from src\main\resources to target\classes
2024-01-21 16:23:26,843 [Worker-2: Building] INFO  o.a.m.s.f.DefaultMavenResourcesFiltering - skip non existing resourceDirectory C:\Users\yebch\Desktop\CRM-PROJECT\crmJan2024\src\test\resources
2024-01-21 16:24:16,799 [Start Help Server] INFO  org.eclipse.jetty.server.Server - jetty-10.0.15; built: 2023-04-11T17:25:14.480Z; git: 68017dbd00236bb7e187330d7585a059610f661d; jvm 17.0.7+8-LTS-224
2024-01-21 16:24:16,826 [Start Help Server] INFO  o.e.j.s.s.DefaultSessionIdManager - Session workerName=node0
2024-01-21 16:24:16,850 [Start Help Server] INFO  o.e.j.server.handler.ContextHandler - Started o.e.j.s.ServletContextHandler@5d56842c{/help,null,AVAILABLE}
2024-01-21 16:24:16,877 [Start Help Server] INFO  o.e.jetty.server.AbstractConnector - Started ServerConnector@76e2b8c0{HTTP/1.1, (http/1.1)}{127.0.0.1:56258}
2024-01-21 16:24:16,880 [Start Help Server] INFO  org.eclipse.jetty.server.Server - Started Server@433c4723{STARTING}[10.0.15,sto=0] @397117ms
2024-01-21 16:32:06,561 [Worker-19: Building] INFO  o.a.m.s.f.DefaultMavenResourcesFiltering - Copying 1 resource from src\main\resources to target\classes
2024-01-21 16:32:06,564 [Worker-19: Building] INFO  o.a.m.s.f.DefaultMavenResourcesFiltering - Copying 2 resources from src\main\resources to target\classes
2024-01-21 16:32:06,567 [Worker-19: Building] INFO  o.a.m.s.f.DefaultMavenResourcesFiltering - skip non existing resourceDirectory C:\Users\yebch\Desktop\CRM-PROJECT\crmJan2024\src\test\resources
2024-01-21 16:32:20,803 [Worker-19: Building] INFO  o.a.m.s.f.DefaultMavenResourcesFiltering - Copying 1 resource from src\main\resources to target\classes
2024-01-21 16:32:20,806 [Worker-19: Building] INFO  o.a.m.s.f.DefaultMavenResourcesFiltering - Copying 2 resources from src\main\resources to target\classes
2024-01-21 16:32:20,809 [Worker-19: Building] INFO  o.a.m.s.f.DefaultMavenResourcesFiltering - skip non existing resourceDirectory C:\Users\yebch\Desktop\CRM-PROJECT\crmJan2024\src\test\resources
